# JRE version: OpenJDK Runtime Environment Temurin-17.0.7+7 (17.0.7+7) (build 17.0.7+7)
# Java VM: OpenJDK 64-Bit Server VM Temurin-17.0.7+7 (17.0.7+7, mixed mode, emulated-client, tiered, compressed oops, compressed class ptrs, g1 gc, windows-amd64)
GC Precious Log:
 CPUs: 8 total, 8 available
 Memory: 4004M
 Large Page Support: Disabled
 NUMA Support: Disabled
 Compressed Oops: Enabled (32-bit)
 Heap Region Size: 1M
 Heap Min Capacity: 8M
 Heap Initial Capacity: 64M
 Heap Max Capacity: 1002M
 Pre-touch: Disabled
 Parallel Workers: 8
 Concurrent Workers: 2
 Concurrent Refinement Workers: 8
 Periodic GC: Disabled
Heap:
 garbage-first heap   total 121856K, used 39722K [0x00000000c1600000, 0x0000000100000000)
  region size 1024K, 3 young (3072K), 3 survivors (3072K)
 Metaspace       used 82149K, committed 82688K, reserved 1179648K
  class space    used 11065K, committed 11328K, reserved 1048576K
GC Heap History (20 events):
Event: 2249.134 GC heap after
{Heap after GC invocations=64 (full 2):
 garbage-first heap   total 121856K, used 43218K [0x00000000c1600000, 0x0000000100000000)
  region size 1024K, 4 young (4096K), 4 survivors (4096K)
 Metaspace       used 81491K, committed 81984K, reserved 1179648K
  class space    used 11021K, committed 11264K, reserved 1048576K
}
Event: 2250.232 GC heap before
{Heap before GC invocations=64 (full 2):
 garbage-first heap   total 121856K, used 96466K [0x00000000c1600000, 0x0000000100000000)
  region size 1024K, 56 young (57344K), 4 survivors (4096K)
 Metaspace       used 81807K, committed 82240K, reserved 1179648K
  class space    used 11042K, committed 11264K, reserved 1048576K
}
Event: 2250.243 GC heap after
{Heap after GC invocations=65 (full 2):
 garbage-first heap   total 121856K, used 45720K [0x00000000c1600000, 0x0000000100000000)
  region size 1024K, 6 young (6144K), 6 survivors (6144K)
 Metaspace       used 81807K, committed 82240K, reserved 1179648K
  class space    used 11042K, committed 11264K, reserved 1048576K
}
Event: 2253.451 GC heap before
{Heap before GC invocations=66 (full 2):
 garbage-first heap   total 121856K, used 86680K [0x00000000c1600000, 0x0000000100000000)
  region size 1024K, 47 young (48128K), 6 survivors (6144K)
 Metaspace       used 81938K, committed 82368K, reserved 1179648K
  class space    used 11051K, committed 11264K, reserved 1048576K
}
Event: 2253.573 GC heap after
{Heap after GC invocations=67 (full 3):
 garbage-first heap   total 121856K, used 38546K [0x00000000c1600000, 0x0000000100000000)
  region size 1024K, 0 young (0K), 0 survivors (0K)
 Metaspace       used 80810K, committed 82048K, reserved 1179648K
  class space    used 10975K, committed 11264K, reserved 1048576K
}
Event: 2254.410 GC heap before
{Heap before GC invocations=67 (full 3):
 garbage-first heap   total 121856K, used 94866K [0x00000000c1600000, 0x0000000100000000)
  region size 1024K, 56 young (57344K), 0 survivors (0K)
 Metaspace       used 81224K, committed 82048K, reserved 1179648K
  class space    used 11004K, committed 11264K, reserved 1048576K
}
Event: 2254.419 GC heap after
{Heap after GC invocations=68 (full 3):
 garbage-first heap   total 121856K, used 44186K [0x00000000c1600000, 0x0000000100000000)
  region size 1024K, 6 young (6144K), 6 survivors (6144K)
 Metaspace       used 81224K, committed 82048K, reserved 1179648K
  class space    used 11004K, committed 11264K, reserved 1048576K
}
Event: 2255.429 GC heap before
{Heap before GC invocations=69 (full 3):
 garbage-first heap   total 121856K, used 94362K [0x00000000c1600000, 0x0000000100000000)
  region size 1024K, 55 young (56320K), 6 survivors (6144K)
 Metaspace       used 81505K, committed 82048K, reserved 1179648K
  class space    used 11025K, committed 11264K, reserved 1048576K
}
Event: 2255.848 GC heap after
{Heap after GC invocations=70 (full 3):
 garbage-first heap   total 121856K, used 45471K [0x00000000c1600000, 0x0000000100000000)
  region size 1024K, 4 young (4096K), 4 survivors (4096K)
 Metaspace       used 81505K, committed 82048K, reserved 1179648K
  class space    used 11025K, committed 11264K, reserved 1048576K
}
Event: 2255.948 GC heap before
{Heap before GC invocations=70 (full 3):
 garbage-first heap   total 121856K, used 56735K [0x00000000c1600000, 0x0000000100000000)
  region size 1024K, 15 young (15360K), 4 survivors (4096K)
 Metaspace       used 81542K, committed 82048K, reserved 1179648K
  class space    used 11028K, committed 11264K, reserved 1048576K
}
Event: 2255.958 GC heap after
{Heap after GC invocations=71 (full 3):
 garbage-first heap   total 121856K, used 45806K [0x00000000c1600000, 0x0000000100000000)
  region size 1024K, 1 young (1024K), 1 survivors (1024K)
 Metaspace       used 81542K, committed 82048K, reserved 1179648K
  class space    used 11028K, committed 11264K, reserved 1048576K
}
Event: 2256.594 GC heap before
{Heap before GC invocations=72 (full 3):
 garbage-first heap   total 121856K, used 97006K [0x00000000c1600000, 0x0000000100000000)
  region size 1024K, 51 young (52224K), 1 survivors (1024K)
 Metaspace       used 81843K, committed 82368K, reserved 1179648K
  class space    used 11047K, committed 11328K, reserved 1048576K
}
Event: 2256.647 GC heap after
{Heap after GC invocations=73 (full 3):
 garbage-first heap   total 121856K, used 47925K [0x00000000c1600000, 0x0000000100000000)
  region size 1024K, 3 young (3072K), 3 survivors (3072K)
 Metaspace       used 81843K, committed 82368K, reserved 1179648K
  class space    used 11047K, committed 11328K, reserved 1048576K
}
Event: 2392.699 GC heap before
{Heap before GC invocations=73 (full 3):
 garbage-first heap   total 121856K, used 97077K [0x00000000c1600000, 0x0000000100000000)
  region size 1024K, 51 young (52224K), 3 survivors (3072K)
 Metaspace       used 81987K, committed 82496K, reserved 1179648K
  class space    used 11060K, committed 11328K, reserved 1048576K
}
Event: 2394.301 GC heap after
{Heap after GC invocations=74 (full 3):
 garbage-first heap   total 121856K, used 49528K [0x00000000c1600000, 0x0000000100000000)
  region size 1024K, 5 young (5120K), 5 survivors (5120K)
 Metaspace       used 81987K, committed 82496K, reserved 1179648K
  class space    used 11060K, committed 11328K, reserved 1048576K
}
Event: 2406.075 GC heap before
{Heap before GC invocations=75 (full 3):
 garbage-first heap   total 121856K, used 50552K [0x00000000c1600000, 0x0000000100000000)
  region size 1024K, 6 young (6144K), 5 survivors (5120K)
 Metaspace       used 81935K, committed 82496K, reserved 1179648K
  class space    used 11051K, committed 11328K, reserved 1048576K
}
Event: 2406.114 GC heap after
{Heap after GC invocations=76 (full 3):
 garbage-first heap   total 121856K, used 49359K [0x00000000c1600000, 0x0000000100000000)
  region size 1024K, 1 young (1024K), 1 survivors (1024K)
 Metaspace       used 81935K, committed 82496K, reserved 1179648K
  class space    used 11051K, committed 11328K, reserved 1048576K
}
Event: 2420.083 GC heap before
{Heap before GC invocations=76 (full 3):
 garbage-first heap   total 121856K, used 52431K [0x00000000c1600000, 0x0000000100000000)
  region size 1024K, 5 young (5120K), 1 survivors (1024K)
 Metaspace       used 81938K, committed 82496K, reserved 1179648K
  class space    used 11052K, committed 11328K, reserved 1048576K
}
Event: 2420.389 GC heap after
{Heap after GC invocations=77 (full 4):
 garbage-first heap   total 121856K, used 37187K [0x00000000c1600000, 0x0000000100000000)
  region size 1024K, 0 young (0K), 0 survivors (0K)
 Metaspace       used 81904K, committed 82496K, reserved 1179648K
  class space    used 11046K, committed 11328K, reserved 1048576K
}
Event: 2422.754 GC heap before
{Heap before GC invocations=77 (full 4):
 garbage-first heap   total 121856K, used 62787K [0x00000000c1600000, 0x0000000100000000)
  region size 1024K, 26 young (26624K), 0 survivors (0K)
 Metaspace       used 82149K, committed 82688K, reserved 1179648K
  class space    used 11065K, committed 11328K, reserved 1048576K
}

